<?xml version="1.0" encoding="UTF-8"?>
<!-- Generated by org.testng.reporters.JUnitReportReporter -->
<testsuite hostname="LAPTOP-9L7SP0BT" failures="0" tests="1" name="instagramautomate.VerifyLikeButoon" time="0.000" errors="0" timestamp="2022-09-20T23:19:35 IST" skipped="1">
  <testcase classname="instagramautomate.VerifyLikeButoon" name="test1" time="0.000">
    <skipped/>
  </testcase> <!-- test1 -->
  <system-out/>
</testsuite> <!-- instagramautomate.VerifyLikeButoon -->
